<?xml version="1.0" encoding="UTF-8"?>
<!-- Generated by org.testng.reporters.JUnitReportReporter -->
<testsuite skipped="1" hostname="Midhun-Nikit" name="com.testrunner.testRunners" tests="1" failures="0" timestamp="29 May 2021 16:53:55 GMT" time="0.129" errors="0">
  <testcase name="runScenario" time="0.129" classname="com.testrunner.testRunners">
    <skipped/>
  </testcase> <!-- runScenario -->
</testsuite> <!-- com.testrunner.testRunners -->
